<?xml version="1.0" encoding="UTF-8"?><testsuite errors="1" failures="0" name="Añadir nuevo cliente" skipped="0" tests="1" time="8.98" timestamp="2023-10-25 10:28:34"><testcase name="Añadir un cliente en el sistema Fixed"><error message="Timed out after 15 seconds. Element not found&#10;For documentation on this error, please visit: https://www.seleniumhq.org/exceptions/no_such_element.html&#10;Build info: version: '3.141.59', revision: 'e82be7d358', time: '2018-11-14T08:17:03'&#10;System info: host: 'DESKTOP-V7FDA91', ip: '192.168.1.37', os.name: 'Windows 10', os.arch: 'amd64', os.version: '10.0', java.version: '1.8.0_331'&#10;Driver info: driver.version: unknown" type="org.openqa.selenium.NoSuchElementException">Timed out after 15 seconds. Element not found
For documentation on this error, please visit: https://www.seleniumhq.org/exceptions/no_such_element.html
Build info: version: '3.141.59', revision: 'e82be7d358', time: '2018-11-14T08:17:03'
System info: host: 'DESKTOP-V7FDA91', ip: '192.168.1.37', os.name: 'Windows 10', os.arch: 'amd64', os.version: '10.0', java.version: '1.8.0_331'
Driver info: driver.version: unknown</error><system-err>Timed out after 15 seconds. Element not found
For documentation on this error, please visit: https://www.seleniumhq.org/exceptions/no_such_element.html
Build info: version: '3.141.59', revision: 'e82be7d358', time: '2018-11-14T08:17:03'
System info: host: 'DESKTOP-V7FDA91', ip: '192.168.1.37', os.name: 'Windows 10', os.arch: 'amd64', os.version: '10.0', java.version: '1.8.0_331'
Driver info: driver.version: unknown&#13;
com.bdd.page.FixedSystemPage.hacemosClickEnElBotonHamburguesa(FixedSystemPage.java:42)&#13;
com.bdd.step.FixedSystemStep.hacemosClickEnElBotonHamburguesa(FixedSystemStep.java:18)&#13;
com.bdd.stepdefinition.FixedSystemStepDefinition.hacemosClickEnElBotonHamburguesa(FixedSystemStepDefinition.java:22)&#13;
cucumber.runner.Runner.runPickle(Runner.java:80)&#13;
</system-err></testcase></testsuite>